<?xml version="1.0" encoding="UTF-8"?>
<testsuite xmlns:xsi="http://www.w3.org/2001/XMLSchema-instance" xsi:noNamespaceSchemaLocation="https://maven.apache.org/surefire/maven-surefire-plugin/xsd/surefire-test-report-3.0.xsd" version="3.0" name="com.ccr.controller.ProxyControllerTest" time="6.358" tests="8" errors="0" skipped="0" failures="0">
  <properties>
[...]
</properties>
  <testcase name="testProxyChatCompletionsTransformation" classname="com.ccr.controller.ProxyControllerTest" time="1.605">
    <system-out><![CDATA[10:18:10.993 [main] INFO org.springframework.test.context.support.AnnotationConfigContextLoaderUtils -- Could not detect default configuration classes for test class [com.ccr.controller.ProxyControllerTest]: ProxyControllerTest does not declare any static, non-private, non-final, nested classes annotated with @Configuration.
10:18:11.359 [main] INFO org.springframework.boot.test.context.SpringBootTestContextBootstrapper -- Found @SpringBootConfiguration com.ccr.CcrApplication for test class com.ccr.controller.ProxyControllerTest

  .   ____          _            __ _ _
 /\\ / ___'_ __ _ _(_)_ __  __ _ \ \ \ \
( ( )\___ | '_ | '_| | '_ \/ _` | \ \ \ \
 \\/  ___)| |_)| | | | | || (_| |  ) ) ) )
  '  |____| .__|_| |_|_| |_\__, | / / / /
 =========|_|==============|___/=/_/_/_/
 :: Spring Boot ::                (v3.2.5)

2026-05-05T10:18:12.474+08:00  INFO 33415 --- [           main] com.ccr.controller.ProxyControllerTest   : Starting ProxyControllerTest using Java 17.0.12 with PID 33415 (started by xubin in /Users/xubin/xb/claude/ccr-junie)
2026-05-05T10:18:12.478+08:00  INFO 33415 --- [           main] com.ccr.controller.ProxyControllerTest   : No active profile set, falling back to 1 default profile: "default"
2026-05-05T10:18:15.088+08:00  INFO 33415 --- [           main] o.s.b.web.embedded.netty.NettyWebServer  : Netty started on port 55607
2026-05-05T10:18:15.096+08:00  INFO 33415 --- [           main] com.ccr.controller.ProxyControllerTest   : Started ProxyControllerTest in 3.115 seconds (process running for 5.661)
2026-05-05T10:18:16.307+08:00  INFO 33415 --- [     parallel-1] com.ccr.service.impl.RouterServiceImpl   : Detected scenario: default
2026-05-05T10:18:16.310+08:00  INFO 33415 --- [     parallel-1] com.ccr.service.impl.ProxyServiceImpl    : Forwarding request to provider: [zhipu] model: [model-1] URL: http://localhost:55599/zhipu/v1/messages (Anthropic: true)
]]></system-out>
  </testcase>
  <testcase name="testProxyChatCompletionsStreaming" classname="com.ccr.controller.ProxyControllerTest" time="0.025">
    <system-out><![CDATA[2026-05-05T10:18:16.717+08:00  INFO 33415 --- [     parallel-2] com.ccr.service.impl.RouterServiceImpl   : Detected scenario: default
2026-05-05T10:18:16.717+08:00  INFO 33415 --- [     parallel-2] com.ccr.service.impl.ProxyServiceImpl    : Forwarding request to provider: [zhipu] model: [model-1] URL: http://localhost:55599/zhipu/v1/messages (Anthropic: true)
]]></system-out>
  </testcase>
  <testcase name="testProxyMessagesRoutingDefault" classname="com.ccr.controller.ProxyControllerTest" time="0.012">
    <system-out><![CDATA[2026-05-05T10:18:16.743+08:00  INFO 33415 --- [     parallel-3] com.ccr.service.impl.RouterServiceImpl   : Detected scenario: default
2026-05-05T10:18:16.743+08:00  INFO 33415 --- [     parallel-3] com.ccr.service.impl.ProxyServiceImpl    : Forwarding request to provider: [zhipu] model: [model-1] URL: http://localhost:55599/zhipu/v1/messages (Anthropic: true)
]]></system-out>
  </testcase>
  <testcase name="testProxyMessagesExplicitProvider" classname="com.ccr.controller.ProxyControllerTest" time="0.009">
    <system-out><![CDATA[2026-05-05T10:18:16.756+08:00  INFO 33415 --- [     parallel-4] com.ccr.service.impl.ProxyServiceImpl    : Forwarding request to provider: [think-p] model: [special-model] URL: http://localhost:55599/think/v1/messages (Anthropic: true)
]]></system-out>
  </testcase>
  <testcase name="testProxyMessagesLongContext" classname="com.ccr.controller.ProxyControllerTest" time="0.01">
    <system-out><![CDATA[2026-05-05T10:18:16.766+08:00  INFO 33415 --- [     parallel-5] com.ccr.service.impl.RouterServiceImpl   : Detected scenario: longContext
2026-05-05T10:18:16.766+08:00  INFO 33415 --- [     parallel-5] com.ccr.service.impl.ProxyServiceImpl    : Forwarding request to provider: [think-p] model: [long-model] URL: http://localhost:55599/think/v1/messages (Anthropic: true)
]]></system-out>
  </testcase>
  <testcase name="testProxyMessagesRoutingThink" classname="com.ccr.controller.ProxyControllerTest" time="0.011">
    <system-out><![CDATA[2026-05-05T10:18:16.777+08:00  INFO 33415 --- [     parallel-6] com.ccr.service.impl.RouterServiceImpl   : Detected scenario: think
2026-05-05T10:18:16.778+08:00  INFO 33415 --- [     parallel-6] com.ccr.service.impl.ProxyServiceImpl    : Forwarding request to provider: [think-p] model: [model-2] URL: http://localhost:55599/think/v1/messages (Anthropic: true)
]]></system-out>
  </testcase>
  <testcase name="testProxyMessagesToOpenAiBackend" classname="com.ccr.controller.ProxyControllerTest" time="0.014">
    <system-out><![CDATA[2026-05-05T10:18:16.791+08:00  INFO 33415 --- [     parallel-7] com.ccr.service.impl.ProxyServiceImpl    : Forwarding request to provider: [openai-p] model: [gpt-3.5-turbo] URL: http://localhost:55599/openai/v1/chat/completions (Anthropic: false)
]]></system-out>
  </testcase>
  <testcase name="testProxyMessagesToOpenAiBackendStreaming" classname="com.ccr.controller.ProxyControllerTest" time="0.017">
    <system-out><![CDATA[2026-05-05T10:18:16.806+08:00  INFO 33415 --- [     parallel-8] com.ccr.service.impl.ProxyServiceImpl    : Forwarding request to provider: [openai-p] model: [gpt-3.5-turbo] URL: http://localhost:55599/openai/v1/chat/completions (Anthropic: false)
]]></system-out>
  </testcase>
</testsuite>